<?xml version="1.0" encoding="UTF-8"?>
<!-- Generated by org.testng.reporters.JUnitReportReporter -->
<testsuite hostname="DESKTOP-DJAPQ8P" failures="0" tests="3" name="testNG.Class_003" time="0.042" errors="0" timestamp="2024-06-15T22:29:31 IST" skipped="0">
  <testcase classname="testNG.Class_003" name="c" time="0.020"/>
  <system-out/>
  <testcase classname="testNG.Class_003" name="a" time="0.015"/>
  <system-out/>
  <testcase classname="testNG.Class_003" name="b" time="0.007"/>
  <system-out/>
</testsuite> <!-- testNG.Class_003 -->
