<?xml version="1.0" encoding="UTF-8"?>
<!-- Generated by org.testng.reporters.JUnitReportReporter -->
<testsuite hostname="DESKTOP-DJAPQ8P" failures="0" tests="3" name="testNG.Class_001" time="0.024" errors="0" timestamp="2024-06-15T22:11:08 IST" skipped="0">
  <testcase classname="testNG.Class_001" name="c" time="0.007"/>
  <system-out/>
  <testcase classname="testNG.Class_001" name="b" time="0.005"/>
  <system-out/>
  <testcase classname="testNG.Class_001" name="a" time="0.012"/>
  <system-out/>
</testsuite> <!-- testNG.Class_001 -->
