<?xml version="1.0" encoding="UTF-8"?>
<!-- Generated by org.testng.reporters.JUnitReportReporter -->
<testsuite hostname="DESKTOP-DJAPQ8P" failures="0" tests="6" name="testNG.Prioroty" time="0.032" errors="0" timestamp="2024-06-20T18:51:26 IST" skipped="0">
  <testcase classname="testNG.Prioroty" name="xy" time="0.015"/>
  <system-out/>
  <testcase classname="testNG.Prioroty" name="cd" time="0.002"/>
  <system-out/>
  <testcase classname="testNG.Prioroty" name="ef" time="0.004"/>
  <system-out/>
  <testcase classname="testNG.Prioroty" name="gh" time="0.005"/>
  <system-out/>
  <testcase classname="testNG.Prioroty" name="ij" time="0.003"/>
  <system-out/>
  <testcase classname="testNG.Prioroty" name="kl" time="0.003"/>
  <system-out/>
</testsuite> <!-- testNG.Prioroty -->
