<?xml version="1.0" encoding="UTF-8"?>
<!-- Generated by org.testng.reporters.JUnitReportReporter -->
<testsuite hostname="DESKTOP-DJAPQ8P" failures="0" tests="4" name="testNG.DependsOnMethod" time="0.031" errors="0" timestamp="2024-06-20T20:13:56 IST" skipped="0">
  <testcase classname="testNG.DependsOnMethod" name="a" time="0.006"/>
  <system-out/>
  <testcase classname="testNG.DependsOnMethod" name="b" time="0.016"/>
  <system-out/>
  <testcase classname="testNG.DependsOnMethod" name="c" time="0.003"/>
  <system-out/>
  <testcase classname="testNG.DependsOnMethod" name="d" time="0.006"/>
  <system-out/>
</testsuite> <!-- testNG.DependsOnMethod -->
