<?xml version="1.0" encoding="UTF-8"?>
<!-- Generated by org.testng.reporters.JUnitReportReporter -->
<testsuite hostname="DESKTOP-DJAPQ8P" failures="0" tests="10" name="testNG.Gropus" time="0.061" errors="0" timestamp="2024-06-20T20:31:01 IST" skipped="0">
  <testcase classname="testNG.Gropus" name="test_case_006" time="0.005"/>
  <system-out/>
  <testcase classname="testNG.Gropus" name="test_case_009" time="0.003"/>
  <system-out/>
  <testcase classname="testNG.Gropus" name="test_case_003" time="0.002"/>
  <system-out/>
  <testcase classname="testNG.Gropus" name="test_case_005" time="0.007"/>
  <system-out/>
  <testcase classname="testNG.Gropus" name="test_case_001" time="0.026"/>
  <system-out/>
  <testcase classname="testNG.Gropus" name="test_case_0010" time="0.002"/>
  <system-out/>
  <testcase classname="testNG.Gropus" name="test_case_004" time="0.004"/>
  <system-out/>
  <testcase classname="testNG.Gropus" name="test_case_007" time="0.004"/>
  <system-out/>
  <testcase classname="testNG.Gropus" name="test_case_002" time="0.005"/>
  <system-out/>
  <testcase classname="testNG.Gropus" name="test_case_008" time="0.003"/>
  <system-out/>
</testsuite> <!-- testNG.Gropus -->
