<?xml version="1.0" encoding="UTF-8"?>
<!-- Generated by org.testng.reporters.JUnitReportReporter -->
<testsuite hostname="DESKTOP-DJAPQ8P" failures="0" tests="2" name="testNG.Invocation_count" time="0.018" errors="0" timestamp="2024-06-20T18:56:59 IST" skipped="0">
  <testcase classname="testNG.Invocation_count" name="f" time="0.015"/>
  <system-out/>
  <testcase classname="testNG.Invocation_count" name="f" time="0.003"/>
  <system-out/>
</testsuite> <!-- testNG.Invocation_count -->
