<?xml version="1.0" encoding="UTF-8"?>
<!-- Generated by org.testng.reporters.JUnitReportReporter -->
<testsuite hostname="DESKTOP-DJAPQ8P" failures="0" tests="3" name="testNG.Class_004" time="0.030" errors="0" timestamp="2024-06-20T18:15:39 IST" skipped="0">
  <testcase classname="testNG.Class_004" name="b" time="0.011"/>
  <system-out/>
  <testcase classname="testNG.Class_004" name="c" time="0.006"/>
  <system-out/>
  <testcase classname="testNG.Class_004" name="a" time="0.013"/>
  <system-out/>
</testsuite> <!-- testNG.Class_004 -->
