<?xml version="1.0" encoding="UTF-8"?>
<!-- Generated by org.testng.reporters.JUnitReportReporter -->
<testsuite hostname="DESKTOP-DJAPQ8P" failures="0" tests="1" name="testNG.Class_002" time="0.011" errors="0" timestamp="2024-06-15T22:20:02 IST" skipped="0">
  <testcase classname="testNG.Class_002" name="f" time="0.011"/>
  <system-out/>
</testsuite> <!-- testNG.Class_002 -->
