<?xml version="1.0" encoding="UTF-8"?>
<!-- Generated by org.testng.reporters.JUnitReportReporter -->
<testsuite hostname="DESKTOP-DJAPQ8P" failures="0" tests="3" name="testNG.Enabled" time="0.021" errors="0" timestamp="2024-06-20T19:59:06 IST" skipped="1">
  <testcase classname="testNG.Enabled" name="g" time="0.003"/>
  <system-out/>
  <testcase classname="testNG.Enabled" name="f" time="0.018"/>
  <system-out/>
  <testcase classname="testNG.Enabled" name="j">
    <skipped/>
  </testcase> <!-- j -->
  <system-out/>
</testsuite> <!-- testNG.Enabled -->
