<?xml version="1.0" encoding="UTF-8"?>
<!-- Generated by org.testng.reporters.JUnitReportReporter -->
<testsuite hostname="DESKTOP-DJAPQ8P" failures="0" tests="1" name="testNG.NewTest" time="0.015" errors="0" timestamp="2024-06-15T19:12:45 IST" skipped="0">
  <testcase classname="testNG.NewTest" name="f" time="0.015"/>
  <system-out/>
</testsuite> <!-- testNG.NewTest -->
