<?xml version="1.0" encoding="UTF-8"?>
<!-- Generated by org.testng.reporters.JUnitReportReporter -->
<testsuite hostname="DESKTOP-DJAPQ8P" failures="0" tests="1" name="testNG.Description" time="0.015" errors="0" timestamp="2024-06-20T20:03:13 IST" skipped="0">
  <testcase classname="testNG.Description" name="a" time="0.015"/>
  <system-out/>
</testsuite> <!-- testNG.Description -->
